{
  "RSpec": {
    "coverage": {
      "/Users/techoverco-mac/turing/2module/projects/econ_mod2/spec/spec_helper.rb": [
        null,
        null,
        null,
        null,
        null,
        null,
        null,
        null,
        null,
        null,
        null,
        null,
        null,
        null,
        null,
        1,
        null,
        null,
        null,
        1,
        null,
        null,
        null,
        null,
        null,
        null,
        null,
        1,
        null,
        null,
        null,
        null,
        1,
        null,
        null,
        null,
        1,
        null,
        null,
        null,
        null,
        null,
        null,
        null,
        1,
        null,
        null,
        null,
        null,
        null,
        null,
        null,
        null,
        null,
        null,
        null,
        null,
        null,
        null,
        null,
        null,
        null,
        null,
        null,
        null,
        null,
        null,
        null,
        null,
        null,
        null,
        null,
        null,
        null,
        null,
        null,
        null,
        null,
        null,
        null,
        null,
        null,
        null,
        null,
        null,
        null,
        null,
        null,
        null,
        null,
        null,
        null,
        null,
        null,
        null,
        null
      ],
      "/Users/techoverco-mac/turing/2module/projects/econ_mod2/config/environment.rb": [
        null,
        1,
        null,
        null,
        1
      ],
      "/Users/techoverco-mac/turing/2module/projects/econ_mod2/config/application.rb": [
        1,
        null,
        1,
        null,
        1,
        1,
        1,
        1,
        1,
        1,
        1,
        1,
        null,
        null,
        null,
        null,
        1,
        null,
        1,
        1,
        null,
        1,
        null,
        null,
        null,
        null,
        null,
        null,
        1,
        null,
        null
      ],
      "/Users/techoverco-mac/turing/2module/projects/econ_mod2/config/boot.rb": [
        1,
        null,
        1
      ],
      "/Users/techoverco-mac/turing/2module/projects/econ_mod2/config/environments/test.rb": [
        1,
        null,
        null,
        null,
        null,
        null,
        null,
        1,
        null,
        null,
        null,
        null,
        1,
        null,
        null,
        1,
        1,
        null,
        null,
        null,
        null,
        1,
        1,
        null,
        null,
        1,
        null,
        null,
        1,
        1,
        null,
        null,
        null,
        null,
        1,
        null,
        null,
        1,
        null,
        null,
        null,
        null
      ],
      "/Users/techoverco-mac/turing/2module/projects/econ_mod2/config/initializers/application_controller_renderer.rb": [
        null,
        null,
        null,
        null,
        null,
        null,
        null,
        null
      ],
      "/Users/techoverco-mac/turing/2module/projects/econ_mod2/config/initializers/assets.rb": [
        null,
        null,
        null,
        1,
        null,
        null,
        null,
        null,
        1,
        null,
        null,
        null,
        null,
        null
      ],
      "/Users/techoverco-mac/turing/2module/projects/econ_mod2/config/initializers/backtrace_silencers.rb": [
        null,
        null,
        null,
        null,
        null,
        null,
        null
      ],
      "/Users/techoverco-mac/turing/2module/projects/econ_mod2/config/initializers/cookies_serializer.rb": [
        null,
        null,
        null,
        null,
        1
      ],
      "/Users/techoverco-mac/turing/2module/projects/econ_mod2/config/initializers/filter_parameter_logging.rb": [
        null,
        null,
        null,
        1
      ],
      "/Users/techoverco-mac/turing/2module/projects/econ_mod2/config/initializers/inflections.rb": [
        null,
        null,
        null,
        null,
        null,
        null,
        null,
        null,
        null,
        null,
        null,
        null,
        null,
        null,
        null,
        null
      ],
      "/Users/techoverco-mac/turing/2module/projects/econ_mod2/config/initializers/mime_types.rb": [
        null,
        null,
        null,
        null
      ],
      "/Users/techoverco-mac/turing/2module/projects/econ_mod2/config/initializers/wrap_parameters.rb": [
        null,
        null,
        null,
        null,
        null,
        null,
        1,
        2,
        null,
        null,
        null,
        null,
        null,
        null
      ],
      "/Users/techoverco-mac/turing/2module/projects/econ_mod2/config/routes.rb": [
        1,
        null,
        1,
        null,
        null,
        null,
        null
      ],
      "/Users/techoverco-mac/turing/2module/projects/econ_mod2/app/helpers/application_helper.rb": [
        1,
        null
      ],
      "/Users/techoverco-mac/turing/2module/projects/econ_mod2/spec/features/papers/papers_index_spec.rb": [
        1,
        null,
        null,
        1,
        1,
        1,
        1,
        0,
        0,
        0,
        0,
        0,
        0,
        null,
        0,
        0,
        0,
        null,
        null,
        null,
        1,
        null,
        0,
        null,
        0,
        0,
        0,
        null,
        null,
        0,
        0,
        0,
        null,
        null,
        0,
        0,
        0,
        null,
        null,
        null,
        null,
        null,
        null,
        null,
        null,
        null,
        null,
        null,
        null,
        null,
        null,
        null,
        null
      ],
      "/Users/techoverco-mac/turing/2module/projects/econ_mod2/spec/models/economist_spec.rb": [
        1,
        null,
        null,
        1,
        null,
        1,
        1,
        1,
        1,
        null,
        null,
        null,
        1,
        1,
        null,
        null,
        null
      ],
      "/Users/techoverco-mac/turing/2module/projects/econ_mod2/app/models/economist.rb": [
        1,
        null,
        1,
        1,
        null,
        null
      ],
      "/Users/techoverco-mac/turing/2module/projects/econ_mod2/app/models/application_record.rb": [
        1,
        1,
        null
      ],
      "/Users/techoverco-mac/turing/2module/projects/econ_mod2/spec/models/paper_spec.rb": [
        1,
        null,
        null,
        1,
        null,
        1,
        1,
        1,
        null,
        null,
        null,
        1,
        1,
        null,
        null,
        null
      ],
      "/Users/techoverco-mac/turing/2module/projects/econ_mod2/app/models/paper.rb": [
        1,
        1,
        null,
        1,
        null
      ],
      "/Users/techoverco-mac/turing/2module/projects/econ_mod2/app/controllers/economists_controller.rb": [
        1,
        null,
        1,
        1,
        null,
        null,
        null
      ],
      "/Users/techoverco-mac/turing/2module/projects/econ_mod2/app/controllers/application_controller.rb": [
        1,
        1,
        null
      ]
    },
    "timestamp": 1556672899
  }
}
